<?xml version="1.0" encoding="UTF-8"?>
<testng-results ignored="0" total="1" passed="1" failed="0" skipped="0">
  <reporter-output>
  </reporter-output>
  <suite started-at="2024-02-07T15:33:55 IST" name="Suite" finished-at="2024-02-07T15:34:20 IST" duration-ms="25478">
    <groups>
    </groups>
    <test started-at="2024-02-07T15:33:55 IST" name="Test" finished-at="2024-02-07T15:34:20 IST" duration-ms="25478">
      <class name="Textboxes.Test1">
        <test-method is-config="true" signature="setup()[pri:0, instance:Textboxes.Test1@1cbbffcd]" started-at="2024-02-07T15:33:55 IST" name="setup" finished-at="2024-02-07T15:34:10 IST" duration-ms="15247" status="PASS">
          <reporter-output>
          </reporter-output>
        </test-method> <!-- setup -->
        <test-method signature="test()[pri:0, instance:Textboxes.Test1@1cbbffcd]" started-at="2024-02-07T15:34:10 IST" name="test" finished-at="2024-02-07T15:34:17 IST" duration-ms="6897" status="PASS">
          <reporter-output>
          </reporter-output>
        </test-method> <!-- test -->
        <test-method is-config="true" signature="teardown()[pri:0, instance:Textboxes.Test1@1cbbffcd]" started-at="2024-02-07T15:34:17 IST" name="teardown" finished-at="2024-02-07T15:34:20 IST" duration-ms="3239" status="PASS">
          <reporter-output>
          </reporter-output>
        </test-method> <!-- teardown -->
      </class> <!-- Textboxes.Test1 -->
    </test> <!-- Test -->
  </suite> <!-- Suite -->
</testng-results>
